<?xml version="1.0" encoding="UTF-8"?>
<!-- Generated by org.testng.reporters.JUnitReportReporter -->
<testsuite hostname="Shuolins-MacBook-Pro-2.local" failures="0" tests="5" name="NegativeTest" time="4.384" errors="0" timestamp="2022-08-15T00:00:14 EDT" skipped="0">
  <testcase classname="NegativeTest" name="negativeTest_WrongDateFormat_ShouldFail" time="0.685"/>
  <system-out/>
  <testcase classname="NegativeTest" name="negativeTest_ExceedTimeRange_ShouldFail" time="1.966"/>
  <system-out/>
  <testcase classname="NegativeTest" name="negativeTest_NoParam_ShouldFail" time="0.514"/>
  <system-out/>
  <testcase classname="NegativeTest" name="negativeTest_ValidQueryDefaultStartDate_ShouldFail" time="0.675"/>
  <system-out/>
  <testcase classname="NegativeTest" name="negativeTest_NoAPIKey_ShouldFail" time="0.544"/>
  <system-out/>
</testsuite> <!-- NegativeTest -->
