<?xml version="1.0" encoding="UTF-8"?>
<!-- Generated by org.testng.reporters.JUnitReportReporter -->
<testsuite hostname="Shuolins-MacBook-Pro-2.local" failures="0" tests="6" name="PositiveTest" time="23.777" errors="0" timestamp="2022-08-15T11:25:08 EDT" skipped="0">
  <testcase classname="PositiveTest" name="positiveTest_ValidQueryDefaultEndDate_ShouldSucceed" time="12.163"/>
  <system-out/>
  <testcase classname="PositiveTest" name="positiveTest_ValidQueryNoDate_ShouldSucceed" time="1.046"/>
  <system-out/>
  <testcase classname="PositiveTest" name="positiveTest_ValidQuery_ShouldSucceed" time="0.638"/>
  <system-out/>
  <testcase classname="PositiveTest" name="positiveTest_ValidQueryDefaultAPIKey_ShouldSucceed" time="4.129"/>
  <system-out/>
  <testcase classname="PositiveTest" name="positiveTest_StartDateLaterThanEndDate_ShouldSucceed" time="4.974"/>
  <system-out/>
  <testcase classname="PositiveTest" name="positiveTest_NoDate_ShouldSucceed" time="0.827"/>
  <system-out/>
</testsuite> <!-- PositiveTest -->
