<?xml version="1.0" encoding="UTF-8"?>
<!-- Generated by org.testng.reporters.JUnitReportReporter -->
<testsuite hostname="Shuolins-MacBook-Pro-2.local" failures="0" tests="1" name="NeoWsTest" time="2.539" errors="0" timestamp="2022-08-10T21:48:43 EDT" skipped="0">
  <testcase classname="NeoWsTest" name="positiveTest_ValidQueryDefaultAPIKey_ShouldSucceed" time="2.539"/>
  <system-out/>
</testsuite> <!-- NeoWsTest -->
