<?xml version="1.0" encoding="UTF-8"?>
<!-- Generated by org.testng.reporters.JUnitReportReporter -->
<testsuite hostname="Shuolins-MacBook-Pro-2.local" failures="0" tests="5" name="NegativeTest" time="4.495" errors="0" timestamp="2022-08-15T11:25:08 EDT" skipped="0">
  <testcase classname="NegativeTest" name="negativeTest_WrongDateFormat_ShouldFail" time="0.643"/>
  <system-out/>
  <testcase classname="NegativeTest" name="negativeTest_ExceedTimeRange_ShouldFail" time="2.144"/>
  <system-out/>
  <testcase classname="NegativeTest" name="negativeTest_NoAPIKey_ShouldFail" time="0.527"/>
  <system-out/>
  <testcase classname="NegativeTest" name="negativeTest_NoParam_ShouldFail" time="0.521"/>
  <system-out/>
  <testcase classname="NegativeTest" name="negativeTest_ValidQueryDefaultStartDate_ShouldFail" time="0.660"/>
  <system-out/>
</testsuite> <!-- NegativeTest -->
